{
  "RSpec": {
    "coverage": {
      "/home/nickm/SELT_2025Fall/giftwiseproject-selt_2025_team_01/app/models/user.rb": {
        "lines": [
          1,
          null,
          null,
          1,
          null,
          null,
          null,
          null,
          null,
          null,
          null,
          null,
          null,
          null,
          null,
          null,
          null,
          null,
          null,
          null,
          null,
          null,
          null,
          null,
          null,
          null,
          null,
          1,
          1,
          1,
          null,
          null,
          null,
          null,
          null,
          null,
          null,
          null,
          null,
          null,
          null,
          null,
          null,
          null,
          null,
          null,
          null,
          null,
          null,
          null,
          null,
          null,
          null,
          null,
          null,
          null,
          null,
          null,
          null,
          null,
          null,
          null,
          null,
          1,
          null,
          0,
          null,
          null,
          0,
          null,
          null,
          0,
          0,
          0,
          null,
          null,
          null,
          0,
          0,
          0,
          0,
          0,
          0,
          0,
          null,
          null,
          null,
          null
        ]
      },
      "/home/nickm/SELT_2025Fall/giftwiseproject-selt_2025_team_01/app/models/application_record.rb": {
        "lines": [
          1,
          null,
          null,
          null,
          null,
          null,
          null,
          1,
          null
        ]
      },
      "/home/nickm/SELT_2025Fall/giftwiseproject-selt_2025_team_01/app/helpers/application_helper.rb": {
        "lines": [
          1,
          null
        ]
      },
      "/home/nickm/SELT_2025Fall/giftwiseproject-selt_2025_team_01/app/helpers/events_helper.rb": {
        "lines": [
          1,
          1,
          1,
          null,
          null
        ]
      },
      "/home/nickm/SELT_2025Fall/giftwiseproject-selt_2025_team_01/app/helpers/profiles_helper.rb": {
        "lines": [
          1,
          null
        ]
      },
      "/home/nickm/SELT_2025Fall/giftwiseproject-selt_2025_team_01/app/helpers/sessions_helper.rb": {
        "lines": [
          1,
          null
        ]
      },
      "/home/nickm/SELT_2025Fall/giftwiseproject-selt_2025_team_01/app/helpers/users_helper.rb": {
        "lines": [
          1,
          null
        ]
      },
      "/home/nickm/SELT_2025Fall/giftwiseproject-selt_2025_team_01/app/helpers/users/omniauth_callbacks_helper.rb": {
        "lines": [
          1,
          null
        ]
      },
      "/home/nickm/SELT_2025Fall/giftwiseproject-selt_2025_team_01/app/controllers/profiles_controller.rb": {
        "lines": [
          null,
          1,
          null,
          1,
          1,
          null,
          1,
          null,
          null,
          1,
          null,
          null,
          1,
          2,
          1,
          null,
          1,
          null,
          null,
          null,
          1,
          null,
          1,
          10,
          null,
          null,
          1,
          2,
          null,
          null,
          1,
          7,
          2,
          null,
          null,
          null,
          null,
          null,
          null,
          null
        ]
      },
      "/home/nickm/SELT_2025Fall/giftwiseproject-selt_2025_team_01/app/controllers/application_controller.rb": {
        "lines": [
          1,
          null,
          null,
          null,
          null,
          null,
          null,
          1,
          1,
          null,
          1,
          null,
          null,
          null,
          null,
          null,
          null,
          null,
          null,
          null,
          null,
          null,
          null,
          null,
          null,
          null,
          null,
          null,
          null,
          null,
          null,
          null,
          null,
          null,
          null,
          null,
          null,
          1,
          126,
          null,
          94,
          39,
          null,
          null,
          null,
          null,
          null,
          null,
          null,
          null,
          null,
          null,
          null
        ]
      },
      "/home/nickm/SELT_2025Fall/giftwiseproject-selt_2025_team_01/app/models/event.rb": {
        "lines": [
          1,
          null,
          null,
          1,
          null,
          null,
          null,
          null,
          null,
          1,
          1,
          null,
          null,
          null,
          1,
          1,
          1,
          null,
          null,
          null
        ]
      },
      "/home/nickm/SELT_2025Fall/giftwiseproject-selt_2025_team_01/app/models/gift_idea.rb": {
        "lines": [
          1,
          1,
          null,
          1,
          null,
          null,
          null,
          1,
          null,
          null
        ]
      },
      "/home/nickm/SELT_2025Fall/giftwiseproject-selt_2025_team_01/app/models/concerns/url_validatable.rb": {
        "lines": [
          1,
          1,
          null,
          1,
          24,
          18,
          null,
          null,
          1,
          null,
          1,
          18,
          null,
          null,
          18,
          null,
          null,
          18,
          0,
          0,
          null,
          null,
          null,
          18,
          0,
          0,
          null,
          null,
          null,
          18,
          18,
          0,
          null,
          null,
          null,
          0,
          null,
          null,
          null,
          1,
          16,
          16,
          null,
          null
        ]
      },
      "/home/nickm/SELT_2025Fall/giftwiseproject-selt_2025_team_01/app/models/profile.rb": {
        "lines": [
          null,
          null,
          1,
          1,
          null,
          1,
          1,
          null,
          1,
          1,
          1,
          1,
          null
        ]
      },
      "/home/nickm/SELT_2025Fall/giftwiseproject-selt_2025_team_01/app/models/recipient.rb": {
        "lines": [
          1,
          null,
          null,
          null,
          1,
          null,
          null,
          null,
          null,
          null,
          null,
          1,
          null,
          null,
          1,
          null,
          null,
          1,
          null,
          null,
          null,
          null,
          null,
          1,
          1,
          1,
          null,
          null,
          1,
          4,
          null,
          null
        ]
      },
      "/home/nickm/SELT_2025Fall/giftwiseproject-selt_2025_team_01/app/controllers/users/omniauth_callbacks_controller.rb": {
        "lines": [
          1,
          1,
          3,
          null,
          3,
          0,
          0,
          null,
          3,
          3,
          null,
          null,
          null,
          1,
          3,
          null,
          3,
          0,
          0,
          null,
          3,
          3,
          null,
          null,
          null
        ]
      },
      "/home/nickm/SELT_2025Fall/giftwiseproject-selt_2025_team_01/app/controllers/recipients_controller.rb": {
        "lines": [
          1,
          null,
          1,
          null,
          null,
          null,
          null,
          1,
          17,
          null,
          null,
          null,
          null,
          null,
          1,
          2,
          null,
          null,
          null,
          null,
          null,
          null,
          1,
          2,
          null,
          2,
          1,
          null,
          1,
          null,
          null,
          null,
          null,
          null,
          null,
          1,
          null,
          null,
          null,
          null,
          null,
          1,
          1,
          1,
          null,
          0,
          null,
          null,
          null,
          null,
          null,
          null,
          1,
          1,
          1,
          null,
          null,
          null,
          null,
          null,
          1,
          null,
          null,
          4,
          null,
          null,
          1,
          null,
          null,
          null,
          null,
          1,
          7,
          7,
          null,
          null,
          null,
          1,
          3,
          null,
          null,
          null,
          null,
          null,
          null,
          null,
          null,
          null,
          null,
          null,
          null,
          null,
          null
        ]
      },
      "/home/nickm/SELT_2025Fall/giftwiseproject-selt_2025_team_01/app/components/recipient_card_component.rb": {
        "lines": [
          1,
          1,
          6,
          6,
          null,
          null
        ]
      },
      "/home/nickm/SELT_2025Fall/giftwiseproject-selt_2025_team_01/app/controllers/events_controller.rb": {
        "lines": [
          1,
          null,
          null,
          null,
          null,
          null,
          1,
          null,
          null,
          null,
          1,
          6,
          null,
          null,
          null,
          null,
          1,
          0,
          null,
          null,
          null,
          null,
          null,
          null,
          1,
          2,
          2,
          1,
          null,
          1,
          null,
          null,
          null,
          null,
          null,
          1,
          null,
          null,
          null,
          1,
          2,
          1,
          null,
          1,
          null,
          null,
          null,
          null,
          null,
          1,
          1,
          1,
          null,
          null,
          null,
          null,
          1,
          null,
          null,
          null,
          null,
          null,
          null,
          null,
          null,
          null,
          null,
          null,
          null,
          null,
          null,
          null,
          null,
          1,
          4,
          3,
          null,
          null,
          3,
          null,
          3,
          null,
          null,
          null,
          null,
          null,
          null,
          null,
          null,
          null,
          null,
          null,
          1,
          3,
          2,
          null,
          null,
          2,
          2,
          null,
          2,
          null,
          null,
          1,
          null,
          null,
          null,
          1,
          12,
          12,
          null,
          null,
          null,
          null,
          1,
          4,
          null,
          null
        ]
      },
      "/home/nickm/SELT_2025Fall/giftwiseproject-selt_2025_team_01/app/components/entity_header_card_component.rb": {
        "lines": [
          1,
          1,
          7,
          7,
          7,
          7,
          7,
          7,
          7,
          null,
          null
        ]
      },
      "/home/nickm/SELT_2025Fall/giftwiseproject-selt_2025_team_01/app/components/event_details_component.rb": {
        "lines": [
          1,
          1,
          7,
          null,
          null
        ]
      },
      "/home/nickm/SELT_2025Fall/giftwiseproject-selt_2025_team_01/app/models/event_recipient.rb": {
        "lines": [
          1,
          null,
          null,
          null,
          null,
          1,
          1,
          null,
          null,
          null,
          1,
          null,
          null,
          null,
          null,
          1,
          null
        ]
      },
      "/home/nickm/SELT_2025Fall/giftwiseproject-selt_2025_team_01/app/components/available_recipients_component.rb": {
        "lines": [
          1,
          1,
          7,
          7,
          null,
          null
        ]
      },
      "/home/nickm/SELT_2025Fall/giftwiseproject-selt_2025_team_01/app/components/event_recipient_card_component.rb": {
        "lines": [
          1,
          1,
          null,
          1,
          4,
          4,
          4,
          4,
          null,
          null
        ]
      },
      "/home/nickm/SELT_2025Fall/giftwiseproject-selt_2025_team_01/app/models/event_recipient_gift_idea.rb": {
        "lines": [
          1,
          1,
          null,
          1,
          null,
          null,
          null,
          1,
          null
        ]
      },
      "/home/nickm/SELT_2025Fall/giftwiseproject-selt_2025_team_01/app/controllers/event_recipient_gift_ideas_controller.rb": {
        "lines": [
          1,
          null,
          1,
          1,
          1,
          1,
          null,
          null,
          1,
          1,
          1,
          null,
          null,
          null,
          1,
          0,
          null,
          null,
          1,
          0,
          0,
          null,
          null,
          null,
          1,
          2,
          null,
          2,
          1,
          1,
          null,
          1,
          null,
          null,
          null,
          null,
          1,
          null,
          null,
          null,
          1,
          1,
          1,
          1,
          null,
          0,
          null,
          null,
          null,
          null,
          1,
          1,
          1,
          1,
          null,
          null,
          1,
          null,
          1,
          5,
          5,
          null,
          null,
          1,
          5,
          5,
          null,
          null,
          1,
          5,
          5,
          null,
          null,
          1,
          2,
          2,
          null,
          null,
          1,
          3,
          null,
          null,
          null,
          null,
          null,
          null,
          1,
          null,
          null,
          null,
          null,
          0,
          null,
          0,
          0,
          0,
          0,
          0,
          0,
          null,
          null,
          0,
          null,
          null,
          null,
          null,
          null,
          null,
          null,
          null,
          null,
          null,
          null,
          null,
          null,
          0,
          null,
          null,
          1,
          null,
          null,
          null,
          null,
          0,
          null,
          0,
          0,
          0,
          0,
          0,
          0,
          null,
          null,
          0,
          null,
          null,
          null,
          null,
          null,
          null,
          null,
          null,
          null,
          null,
          null,
          null,
          null,
          0,
          null,
          null
        ]
      },
      "/home/nickm/SELT_2025Fall/giftwiseproject-selt_2025_team_01/app/components/form_field_component.rb": {
        "lines": [
          1,
          1,
          25,
          25,
          25,
          25,
          25,
          null,
          null
        ]
      },
      "/home/nickm/SELT_2025Fall/giftwiseproject-selt_2025_team_01/app/components/event_card_component.rb": {
        "lines": [
          1,
          1,
          3,
          null,
          null
        ]
      },
      "/home/nickm/SELT_2025Fall/giftwiseproject-selt_2025_team_01/app/controllers/gift_ideas_controller.rb": {
        "lines": [
          1,
          null,
          1,
          1,
          null,
          1,
          1,
          null,
          null,
          1,
          0,
          0,
          null,
          null,
          1,
          2,
          2,
          1,
          null,
          1,
          null,
          null,
          null,
          1,
          null,
          null,
          1,
          3,
          2,
          null,
          1,
          null,
          null,
          null,
          1,
          1,
          1,
          null,
          null,
          1,
          null,
          1,
          8,
          null,
          null,
          1,
          5,
          null,
          null,
          1,
          5,
          null,
          null,
          1,
          null,
          0,
          0,
          0,
          0,
          0,
          0,
          null,
          null,
          0,
          null,
          null,
          null,
          null,
          null,
          null,
          null,
          null,
          null,
          null,
          null,
          null,
          null,
          0,
          null,
          null,
          null
        ]
      },
      "/home/nickm/SELT_2025Fall/giftwiseproject-selt_2025_team_01/app/channels/application_cable/channel.rb": {
        "lines": [
          0,
          0,
          0,
          0
        ],
        "branches": {}
      },
      "/home/nickm/SELT_2025Fall/giftwiseproject-selt_2025_team_01/app/channels/application_cable/connection.rb": {
        "lines": [
          0,
          0,
          0,
          0
        ],
        "branches": {}
      },
      "/home/nickm/SELT_2025Fall/giftwiseproject-selt_2025_team_01/app/components/gift_idea_card_component.rb": {
        "lines": [
          0,
          0,
          0,
          0,
          0,
          0,
          null,
          0,
          0,
          0,
          0,
          0,
          0,
          0,
          null,
          0,
          0,
          0,
          0,
          0,
          0,
          0,
          null,
          0,
          0,
          0,
          0
        ],
        "branches": {}
      },
      "/home/nickm/SELT_2025Fall/giftwiseproject-selt_2025_team_01/app/components/section_header_component.rb": {
        "lines": [
          0,
          0,
          0,
          0,
          0,
          0
        ],
        "branches": {}
      },
      "/home/nickm/SELT_2025Fall/giftwiseproject-selt_2025_team_01/app/jobs/application_job.rb": {
        "lines": [
          0,
          null,
          null,
          null,
          null,
          null,
          0
        ],
        "branches": {}
      },
      "/home/nickm/SELT_2025Fall/giftwiseproject-selt_2025_team_01/app/mailers/application_mailer.rb": {
        "lines": [
          0,
          null,
          null,
          0,
          null,
          0,
          0
        ],
        "branches": {}
      },
      "/home/nickm/SELT_2025Fall/giftwiseproject-selt_2025_team_01/app/mailers/password_reset_mailer.rb": {
        "lines": [
          0,
          0,
          0,
          0,
          null,
          null,
          0,
          null,
          0,
          0,
          0,
          0,
          0,
          0
        ],
        "branches": {}
      },
      "/home/nickm/SELT_2025Fall/giftwiseproject-selt_2025_team_01/app/services/chat_service.rb": {
        "lines": [
          null,
          null,
          0,
          0,
          null,
          0,
          0,
          0,
          null,
          0,
          null,
          0,
          0,
          0,
          null,
          0,
          0,
          0,
          0,
          0,
          0,
          null,
          0,
          null,
          null,
          0,
          null,
          null,
          null,
          0,
          0,
          0,
          0,
          0,
          0,
          0,
          0,
          null,
          0,
          null,
          0,
          null,
          null,
          null,
          0,
          null,
          0,
          null,
          0,
          null,
          0,
          0,
          0,
          null,
          0,
          null,
          null,
          0,
          0,
          0,
          0,
          0,
          0,
          0,
          0,
          0,
          0,
          0,
          0,
          0,
          0,
          0,
          0,
          0,
          0,
          0,
          0,
          0,
          null,
          0,
          0,
          0,
          0,
          0,
          0,
          0
        ],
        "branches": {}
      }
    },
    "timestamp": 1765671599
  }
}
