{
  "RSpec": {
    "coverage": {
      "/mnt/c/Users/Seth Bolen/RubymineProjects/giftwiseproject-selt_2025_team_01/app/helpers/application_helper.rb": {
        "lines": [
          1,
          null
        ]
      },
      "/mnt/c/Users/Seth Bolen/RubymineProjects/giftwiseproject-selt_2025_team_01/app/helpers/events_helper.rb": {
        "lines": [
          1,
          1,
          1,
          null,
          null
        ]
      },
      "/mnt/c/Users/Seth Bolen/RubymineProjects/giftwiseproject-selt_2025_team_01/app/helpers/profiles_helper.rb": {
        "lines": [
          1,
          null
        ]
      },
      "/mnt/c/Users/Seth Bolen/RubymineProjects/giftwiseproject-selt_2025_team_01/app/helpers/sessions_helper.rb": {
        "lines": [
          1,
          null
        ]
      },
      "/mnt/c/Users/Seth Bolen/RubymineProjects/giftwiseproject-selt_2025_team_01/app/helpers/users_helper.rb": {
        "lines": [
          1,
          null
        ]
      },
      "/mnt/c/Users/Seth Bolen/RubymineProjects/giftwiseproject-selt_2025_team_01/app/controllers/events_controller.rb": {
        "lines": [
          1,
          null,
          1,
          null,
          null,
          null,
          1,
          null,
          null,
          null,
          1,
          6,
          null,
          null,
          null,
          null,
          1,
          0,
          null,
          null,
          null,
          null,
          null,
          null,
          1,
          2,
          2,
          1,
          null,
          1,
          null,
          null,
          null,
          null,
          null,
          1,
          null,
          null,
          null,
          1,
          2,
          1,
          null,
          1,
          null,
          null,
          null,
          null,
          null,
          1,
          1,
          1,
          null,
          null,
          null,
          null,
          1,
          null,
          null,
          null,
          1,
          null,
          null,
          null,
          1,
          6,
          6,
          null,
          null,
          null,
          null,
          1,
          4,
          null,
          null
        ]
      },
      "/mnt/c/Users/Seth Bolen/RubymineProjects/giftwiseproject-selt_2025_team_01/app/controllers/application_controller.rb": {
        "lines": [
          1,
          null,
          null,
          null,
          1,
          1,
          null,
          1,
          null,
          null,
          null,
          null,
          null,
          1,
          262,
          null,
          null,
          null,
          null,
          null,
          1,
          null,
          null,
          null,
          null,
          null,
          1,
          18,
          null,
          null,
          null,
          null,
          null,
          null,
          1,
          99,
          null,
          50,
          20,
          null,
          null,
          null,
          null,
          null,
          null,
          null,
          null,
          null,
          null,
          null
        ]
      },
      "/mnt/c/Users/Seth Bolen/RubymineProjects/giftwiseproject-selt_2025_team_01/app/controllers/recipients_controller.rb": {
        "lines": [
          1,
          1,
          1,
          null,
          null,
          null,
          null,
          1,
          14,
          null,
          null,
          null,
          null,
          null,
          1,
          2,
          null,
          null,
          null,
          null,
          null,
          null,
          1,
          2,
          null,
          2,
          1,
          null,
          1,
          null,
          null,
          null,
          null,
          null,
          null,
          1,
          null,
          null,
          null,
          null,
          null,
          1,
          1,
          1,
          null,
          0,
          null,
          null,
          null,
          null,
          null,
          null,
          1,
          1,
          1,
          null,
          null,
          null,
          null,
          null,
          1,
          null,
          null,
          null,
          null,
          1,
          null,
          null,
          null,
          null,
          1,
          8,
          8,
          null,
          null,
          null,
          1,
          3,
          null,
          null,
          null,
          null,
          null,
          null,
          null,
          null,
          null,
          null,
          1,
          27,
          null,
          null
        ]
      },
      "/mnt/c/Users/Seth Bolen/RubymineProjects/giftwiseproject-selt_2025_team_01/app/models/event_recipient.rb": {
        "lines": [
          1,
          null,
          null,
          null,
          null,
          1,
          1,
          null
        ]
      },
      "/mnt/c/Users/Seth Bolen/RubymineProjects/giftwiseproject-selt_2025_team_01/app/models/application_record.rb": {
        "lines": [
          1,
          null,
          null,
          null,
          null,
          null,
          null,
          1,
          null
        ]
      },
      "/mnt/c/Users/Seth Bolen/RubymineProjects/giftwiseproject-selt_2025_team_01/app/models/event.rb": {
        "lines": [
          1,
          null,
          null,
          1,
          null,
          null,
          null,
          null,
          null,
          1,
          1,
          null,
          null,
          null,
          1,
          1,
          1,
          null,
          null,
          null
        ]
      },
      "/mnt/c/Users/Seth Bolen/RubymineProjects/giftwiseproject-selt_2025_team_01/app/models/profile.rb": {
        "lines": [
          null,
          null,
          1,
          1,
          null,
          1,
          1,
          null,
          1,
          1,
          1,
          1,
          null
        ]
      },
      "/mnt/c/Users/Seth Bolen/RubymineProjects/giftwiseproject-selt_2025_team_01/app/models/recipient.rb": {
        "lines": [
          1,
          null,
          null,
          null,
          1,
          null,
          null,
          null,
          null,
          null,
          null,
          1,
          null,
          null,
          1,
          null,
          null,
          1,
          null,
          null,
          null,
          null,
          null,
          1,
          1,
          null
        ]
      },
      "/mnt/c/Users/Seth Bolen/RubymineProjects/giftwiseproject-selt_2025_team_01/app/models/user.rb": {
        "lines": [
          1,
          null,
          null,
          null,
          null,
          null,
          1,
          null,
          null,
          null,
          null,
          1,
          null,
          null,
          1,
          null,
          null,
          null,
          null,
          null,
          null,
          null,
          1,
          1,
          1,
          null,
          null,
          null,
          null,
          1,
          51,
          null,
          null
        ]
      },
      "/mnt/c/Users/Seth Bolen/RubymineProjects/giftwiseproject-selt_2025_team_01/app/controllers/sessions_controller.rb": {
        "lines": [
          1,
          null,
          1,
          null,
          null,
          null,
          1,
          null,
          null,
          null,
          null,
          null,
          null,
          1,
          22,
          22,
          21,
          21,
          null,
          1,
          1,
          null,
          null,
          null,
          null,
          null,
          null,
          1,
          2,
          2,
          2,
          null,
          null
        ]
      },
      "/mnt/c/Users/Seth Bolen/RubymineProjects/giftwiseproject-selt_2025_team_01/app/controllers/profiles_controller.rb": {
        "lines": [
          null,
          1,
          1,
          1,
          1,
          null,
          1,
          null,
          null,
          1,
          null,
          null,
          1,
          2,
          1,
          null,
          1,
          null,
          null,
          null,
          1,
          null,
          1,
          8,
          null,
          null,
          1,
          2,
          null,
          null,
          1,
          5,
          1,
          null,
          null,
          null,
          1,
          8,
          null,
          null
        ]
      },
      "/mnt/c/Users/Seth Bolen/RubymineProjects/giftwiseproject-selt_2025_team_01/app/controllers/users_controller.rb": {
        "lines": [
          1,
          1,
          null,
          null,
          null,
          null,
          1,
          4,
          null,
          null,
          null,
          null,
          null,
          null,
          null,
          null,
          1,
          4,
          null,
          4,
          null,
          2,
          2,
          2,
          null,
          null,
          null,
          2,
          2,
          null,
          null,
          null,
          1,
          null,
          null,
          null,
          null,
          null,
          1,
          4,
          null,
          null,
          null
        ]
      },
      "/mnt/c/Users/Seth Bolen/RubymineProjects/giftwiseproject-selt_2025_team_01/app/channels/application_cable/channel.rb": {
        "lines": [
          1,
          1,
          null,
          null
        ]
      },
      "/mnt/c/Users/Seth Bolen/RubymineProjects/giftwiseproject-selt_2025_team_01/app/channels/application_cable/connection.rb": {
        "lines": [
          1,
          1,
          null,
          null
        ]
      },
      "/mnt/c/Users/Seth Bolen/RubymineProjects/giftwiseproject-selt_2025_team_01/app/jobs/application_job.rb": {
        "lines": [
          1,
          null,
          null,
          null,
          null,
          null,
          null
        ]
      },
      "/mnt/c/Users/Seth Bolen/RubymineProjects/giftwiseproject-selt_2025_team_01/app/mailers/application_mailer.rb": {
        "lines": [
          1,
          1,
          1,
          null
        ]
      }
    },
    "timestamp": 1765689719
  }
}
